This file contains any messages produced by compilers while
running configure, to aid debugging if configure makes a mistake.

It was created by configure, which was
generated by GNU Autoconf 2.59.  Invocation command line was

  $ ./configure 

## --------- ##
## Platform. ##
## --------- ##

hostname = loadtrend-gp91he
uname -m = i686
uname -r = 1.5.25(0.156/4/2)
uname -s = CYGWIN_NT-5.1
uname -v = 2008-03-05 19:27

/usr/bin/uname -p = unknown
/bin/uname -X     = unknown

/bin/arch              = i686
/usr/bin/arch -k       = unknown
/usr/convex/getsysinfo = unknown
hostinfo               = unknown
/bin/machine           = unknown
/usr/bin/oslevel       = unknown
/bin/universe          = unknown

PATH: /usr/local/bin
PATH: /usr/bin
PATH: /bin
PATH: /usr/X11R6/bin
PATH: /cygdrive/d/Vim/util
PATH: /cygdrive/c/WINDOWS/system32
PATH: /cygdrive/c/WINDOWS
PATH: /cygdrive/c/WINDOWS/System32/Wbem
PATH: /cygdrive/d/J2SEv14204/bin
PATH: /cygdrive/d/MinGW/bin
PATH: /cygdrive/d/MySQL/bin
PATH: /cygdrive/c/Program Files/Common Files/Ulead Systems/MPEG
PATH: /cygdrive/d/pcAnywhere
PATH: /cygdrive/c/Program Files/Common Files/Teleca Shared
PATH: /cygdrive/d/StormII/Codec
PATH: /cygdrive/d/StormII
PATH: /usr/lib/lapack


## ----------- ##
## Core tests. ##
## ----------- ##

configure:1405: checking for gcc
configure:1421: found /usr/bin/gcc
configure:1431: result: gcc
configure:1675: checking for C compiler version
configure:1678: gcc --version </dev/null >&5
gcc (GCC) 3.4.4 (cygming special, gdc 0.12, using dmd 0.125)
Copyright (C) 2004 Free Software Foundation, Inc.
This is free software; see the source for copying conditions.  There is NO
warranty; not even for MERCHANTABILITY or FITNESS FOR A PARTICULAR PURPOSE.

configure:1681: $? = 0
configure:1683: gcc -v </dev/null >&5
Reading specs from /usr/lib/gcc/i686-pc-cygwin/3.4.4/specs
Configured with: /usr/build/package/orig/test.respin/gcc-3.4.4-3/configure --verbose --prefix=/usr --exec-prefix=/usr --sysconfdir=/etc --libdir=/usr/lib --libexecdir=/usr/lib --mandir=/usr/share/man --infodir=/usr/share/info --enable-languages=c,ada,c++,d,f77,pascal,java,objc --enable-nls --without-included-gettext --enable-version-specific-runtime-libs --without-x --enable-libgcj --disable-java-awt --with-system-zlib --enable-interpreter --disable-libgcj-debug --enable-threads=posix --enable-java-gc=boehm --disable-win32-registry --enable-sjlj-exceptions --enable-hash-synchronization --enable-libstdcxx-debug
Thread model: posix
gcc version 3.4.4 (cygming special, gdc 0.12, using dmd 0.125)
configure:1686: $? = 0
configure:1688: gcc -V </dev/null >&5
gcc: `-V' option must have argument
configure:1691: $? = 1
configure:1714: checking for C compiler default output file name
configure:1717: gcc    conftest.c  >&5
configure:1720: $? = 0
configure:1766: result: a.exe
configure:1771: checking whether the C compiler works
configure:1777: ./a.exe
configure:1780: $? = 0
configure:1797: result: yes
configure:1804: checking whether we are cross compiling
configure:1806: result: no
configure:1809: checking for suffix of executables
configure:1811: gcc -o conftest.exe    conftest.c  >&5
configure:1814: $? = 0
configure:1839: result: .exe
configure:1845: checking for suffix of object files
configure:1866: gcc -c   conftest.c >&5
configure:1869: $? = 0
configure:1891: result: o
configure:1895: checking whether we are using the GNU C compiler
configure:1919: gcc -c   conftest.c >&5
configure:1925: $? = 0
configure:1929: test -z 
			 || test ! -s conftest.err
configure:1932: $? = 0
configure:1935: test -s conftest.o
configure:1938: $? = 0
configure:1951: result: yes
configure:1957: checking whether gcc accepts -g
configure:1978: gcc -c -g  conftest.c >&5
configure:1984: $? = 0
configure:1988: test -z 
			 || test ! -s conftest.err
configure:1991: $? = 0
configure:1994: test -s conftest.o
configure:1997: $? = 0
configure:2008: result: yes
configure:2025: checking for gcc option to accept ANSI C
configure:2095: gcc  -c -g -O2  conftest.c >&5
configure:2101: $? = 0
configure:2105: test -z 
			 || test ! -s conftest.err
configure:2108: $? = 0
configure:2111: test -s conftest.o
configure:2114: $? = 0
configure:2132: result: none needed
configure:2150: gcc -c -g -O2  conftest.c >&5
conftest.c:2: error: parse error before "me"
configure:2156: $? = 1
configure: failed program was:
| #ifndef __cplusplus
|   choke me
| #endif
configure:2295: checking how to run the C preprocessor
configure:2330: gcc -E  conftest.c
configure:2336: $? = 0
configure:2368: gcc -E  conftest.c
conftest.c:9:28: ac_nonexistent.h: No such file or directory
configure:2374: $? = 1
configure: failed program was:
| /* confdefs.h.  */
| 
| #define PACKAGE_NAME ""
| #define PACKAGE_TARNAME ""
| #define PACKAGE_VERSION ""
| #define PACKAGE_STRING ""
| #define PACKAGE_BUGREPORT ""
| /* end confdefs.h.  */
| #include <ac_nonexistent.h>
configure:2413: result: gcc -E
configure:2437: gcc -E  conftest.c
configure:2443: $? = 0
configure:2475: gcc -E  conftest.c
conftest.c:9:28: ac_nonexistent.h: No such file or directory
configure:2481: $? = 1
configure: failed program was:
| /* confdefs.h.  */
| 
| #define PACKAGE_NAME ""
| #define PACKAGE_TARNAME ""
| #define PACKAGE_VERSION ""
| #define PACKAGE_STRING ""
| #define PACKAGE_BUGREPORT ""
| /* end confdefs.h.  */
| #include <ac_nonexistent.h>
configure:2525: checking for egrep
configure:2535: result: grep -E
configure:2541: checking whether gcc needs -traditional
conftest.c:9:19: sgtty.h: No such file or directory
configure:2583: result: no
configure:2648: checking for g++
configure:2664: found /usr/bin/g++
configure:2674: result: g++
configure:2690: checking for C++ compiler version
configure:2693: g++ --version </dev/null >&5
g++ (GCC) 3.4.4 (cygming special, gdc 0.12, using dmd 0.125)
Copyright (C) 2004 Free Software Foundation, Inc.
This is free software; see the source for copying conditions.  There is NO
warranty; not even for MERCHANTABILITY or FITNESS FOR A PARTICULAR PURPOSE.

configure:2696: $? = 0
configure:2698: g++ -v </dev/null >&5
Reading specs from /usr/lib/gcc/i686-pc-cygwin/3.4.4/specs
Configured with: /usr/build/package/orig/test.respin/gcc-3.4.4-3/configure --verbose --prefix=/usr --exec-prefix=/usr --sysconfdir=/etc --libdir=/usr/lib --libexecdir=/usr/lib --mandir=/usr/share/man --infodir=/usr/share/info --enable-languages=c,ada,c++,d,f77,pascal,java,objc --enable-nls --without-included-gettext --enable-version-specific-runtime-libs --without-x --enable-libgcj --disable-java-awt --with-system-zlib --enable-interpreter --disable-libgcj-debug --enable-threads=posix --enable-java-gc=boehm --disable-win32-registry --enable-sjlj-exceptions --enable-hash-synchronization --enable-libstdcxx-debug
Thread model: posix
gcc version 3.4.4 (cygming special, gdc 0.12, using dmd 0.125)
configure:2701: $? = 0
configure:2703: g++ -V </dev/null >&5
g++: `-V' option must have argument
configure:2706: $? = 1
configure:2709: checking whether we are using the GNU C++ compiler
configure:2733: g++ -c   conftest.cc >&5
configure:2739: $? = 0
configure:2743: test -z 
			 || test ! -s conftest.err
configure:2746: $? = 0
configure:2749: test -s conftest.o
configure:2752: $? = 0
configure:2765: result: yes
configure:2771: checking whether g++ accepts -g
configure:2792: g++ -c -g  conftest.cc >&5
configure:2798: $? = 0
configure:2802: test -z 
			 || test ! -s conftest.err
configure:2805: $? = 0
configure:2808: test -s conftest.o
configure:2811: $? = 0
configure:2822: result: yes
configure:2864: g++ -c -g -O2  conftest.cc >&5
configure:2870: $? = 0
configure:2874: test -z 
			 || test ! -s conftest.err
configure:2877: $? = 0
configure:2880: test -s conftest.o
configure:2883: $? = 0
configure:2909: g++ -c -g -O2  conftest.cc >&5
conftest.cc: In function `int main()':
conftest.cc:13: error: `exit' undeclared (first use this function)
conftest.cc:13: error: (Each undeclared identifier is reported only once for each function it appears in.)
configure:2915: $? = 1
configure: failed program was:
| /* confdefs.h.  */
| 
| #define PACKAGE_NAME ""
| #define PACKAGE_TARNAME ""
| #define PACKAGE_VERSION ""
| #define PACKAGE_STRING ""
| #define PACKAGE_BUGREPORT ""
| /* end confdefs.h.  */
| 
| int
| main ()
| {
| exit (42);
|   ;
|   return 0;
| }
configure:2864: g++ -c -g -O2  conftest.cc >&5
configure:2870: $? = 0
configure:2874: test -z 
			 || test ! -s conftest.err
configure:2877: $? = 0
configure:2880: test -s conftest.o
configure:2883: $? = 0
configure:2909: g++ -c -g -O2  conftest.cc >&5
configure:2915: $? = 0
configure:2919: test -z 
			 || test ! -s conftest.err
configure:2922: $? = 0
configure:2925: test -s conftest.o
configure:2928: $? = 0
configure:2956: checking how to run the C++ preprocessor
configure:2987: g++ -E  conftest.cc
configure:2993: $? = 0
configure:3025: g++ -E  conftest.cc
conftest.cc:12:28: ac_nonexistent.h: No such file or directory
configure:3031: $? = 1
configure: failed program was:
| /* confdefs.h.  */
| 
| #define PACKAGE_NAME ""
| #define PACKAGE_TARNAME ""
| #define PACKAGE_VERSION ""
| #define PACKAGE_STRING ""
| #define PACKAGE_BUGREPORT ""
| #ifdef __cplusplus
| extern "C" void std::exit (int) throw (); using std::exit;
| #endif
| /* end confdefs.h.  */
| #include <ac_nonexistent.h>
configure:3070: result: g++ -E
configure:3094: g++ -E  conftest.cc
configure:3100: $? = 0
configure:3132: g++ -E  conftest.cc
conftest.cc:12:28: ac_nonexistent.h: No such file or directory
configure:3138: $? = 1
configure: failed program was:
| /* confdefs.h.  */
| 
| #define PACKAGE_NAME ""
| #define PACKAGE_TARNAME ""
| #define PACKAGE_VERSION ""
| #define PACKAGE_STRING ""
| #define PACKAGE_BUGREPORT ""
| #ifdef __cplusplus
| extern "C" void std::exit (int) throw (); using std::exit;
| #endif
| /* end confdefs.h.  */
| #include <ac_nonexistent.h>
configure:3219: checking for a BSD-compatible install
configure:3274: result: /usr/bin/install -c
configure:3391: checking for pkg-config
configure:3409: found /usr/bin/pkg-config
configure:3421: result: /usr/bin/pkg-config
configure:3436: checking pkg-config is at least version 0.9.0
configure:3439: result: yes
configure:3460: checking for ANSI C header files
configure:3485: g++ -c -g -O2 -I../lib-src/expat -I../lib-src/allegro  conftest.cc >&5
configure:3491: $? = 0
configure:3495: test -z 
			 || test ! -s conftest.err
configure:3498: $? = 0
configure:3501: test -s conftest.o
configure:3504: $? = 0
configure:3593: g++ -o conftest.exe -g -O2 -I../lib-src/expat -I../lib-src/allegro   conftest.cc  >&5
configure:3596: $? = 0
configure:3598: ./conftest.exe
configure:3601: $? = 0
configure:3616: result: yes
configure:3640: checking for sys/types.h
configure:3656: g++ -c -g -O2 -I../lib-src/expat -I../lib-src/allegro  conftest.cc >&5
configure:3662: $? = 0
configure:3666: test -z 
			 || test ! -s conftest.err
configure:3669: $? = 0
configure:3672: test -s conftest.o
configure:3675: $? = 0
configure:3686: result: yes
configure:3640: checking for sys/stat.h
configure:3656: g++ -c -g -O2 -I../lib-src/expat -I../lib-src/allegro  conftest.cc >&5
configure:3662: $? = 0
configure:3666: test -z 
			 || test ! -s conftest.err
configure:3669: $? = 0
configure:3672: test -s conftest.o
configure:3675: $? = 0
configure:3686: result: yes
configure:3640: checking for stdlib.h
configure:3656: g++ -c -g -O2 -I../lib-src/expat -I../lib-src/allegro  conftest.cc >&5
configure:3662: $? = 0
configure:3666: test -z 
			 || test ! -s conftest.err
configure:3669: $? = 0
configure:3672: test -s conftest.o
configure:3675: $? = 0
configure:3686: result: yes
configure:3640: checking for string.h
configure:3656: g++ -c -g -O2 -I../lib-src/expat -I../lib-src/allegro  conftest.cc >&5
configure:3662: $? = 0
configure:3666: test -z 
			 || test ! -s conftest.err
configure:3669: $? = 0
configure:3672: test -s conftest.o
configure:3675: $? = 0
configure:3686: result: yes
configure:3640: checking for memory.h
configure:3656: g++ -c -g -O2 -I../lib-src/expat -I../lib-src/allegro  conftest.cc >&5
configure:3662: $? = 0
configure:3666: test -z 
			 || test ! -s conftest.err
configure:3669: $? = 0
configure:3672: test -s conftest.o
configure:3675: $? = 0
configure:3686: result: yes
configure:3640: checking for strings.h
configure:3656: g++ -c -g -O2 -I../lib-src/expat -I../lib-src/allegro  conftest.cc >&5
configure:3662: $? = 0
configure:3666: test -z 
			 || test ! -s conftest.err
configure:3669: $? = 0
configure:3672: test -s conftest.o
configure:3675: $? = 0
configure:3686: result: yes
configure:3640: checking for inttypes.h
configure:3656: g++ -c -g -O2 -I../lib-src/expat -I../lib-src/allegro  conftest.cc >&5
configure:3662: $? = 0
configure:3666: test -z 
			 || test ! -s conftest.err
configure:3669: $? = 0
configure:3672: test -s conftest.o
configure:3675: $? = 0
configure:3686: result: yes
configure:3640: checking for stdint.h
configure:3656: g++ -c -g -O2 -I../lib-src/expat -I../lib-src/allegro  conftest.cc >&5
configure:3662: $? = 0
configure:3666: test -z 
			 || test ! -s conftest.err
configure:3669: $? = 0
configure:3672: test -s conftest.o
configure:3675: $? = 0
configure:3686: result: yes
configure:3640: checking for unistd.h
configure:3656: g++ -c -g -O2 -I../lib-src/expat -I../lib-src/allegro  conftest.cc >&5
configure:3662: $? = 0
configure:3666: test -z 
			 || test ! -s conftest.err
configure:3669: $? = 0
configure:3672: test -s conftest.o
configure:3675: $? = 0
configure:3686: result: yes
configure:3708: checking sndfile.h usability
configure:3720: g++ -c -g -O2 -I../lib-src/expat -I../lib-src/allegro  conftest.cc >&5
conftest.cc:58:21: sndfile.h: No such file or directory
configure:3726: $? = 1
configure: failed program was:
| /* confdefs.h.  */
| 
| #define PACKAGE_NAME ""
| #define PACKAGE_TARNAME ""
| #define PACKAGE_VERSION ""
| #define PACKAGE_STRING ""
| #define PACKAGE_BUGREPORT ""
| #ifdef __cplusplus
| extern "C" void std::exit (int) throw (); using std::exit;
| #endif
| #define AUDACITY_NAME "audacity"
| #define INSTALL_PREFIX "/usr/local"
| #define STDC_HEADERS 1
| #define HAVE_SYS_TYPES_H 1
| #define HAVE_SYS_STAT_H 1
| #define HAVE_STDLIB_H 1
| #define HAVE_STRING_H 1
| #define HAVE_MEMORY_H 1
| #define HAVE_STRINGS_H 1
| #define HAVE_INTTYPES_H 1
| #define HAVE_STDINT_H 1
| #define HAVE_UNISTD_H 1
| /* end confdefs.h.  */
| #include <stdio.h>
| #if HAVE_SYS_TYPES_H
| # include <sys/types.h>
| #endif
| #if HAVE_SYS_STAT_H
| # include <sys/stat.h>
| #endif
| #if STDC_HEADERS
| # include <stdlib.h>
| # include <stddef.h>
| #else
| # if HAVE_STDLIB_H
| #  include <stdlib.h>
| # endif
| #endif
| #if HAVE_STRING_H
| # if !STDC_HEADERS && HAVE_MEMORY_H
| #  include <memory.h>
| # endif
| # include <string.h>
| #endif
| #if HAVE_STRINGS_H
| # include <strings.h>
| #endif
| #if HAVE_INTTYPES_H
| # include <inttypes.h>
| #else
| # if HAVE_STDINT_H
| #  include <stdint.h>
| # endif
| #endif
| #if HAVE_UNISTD_H
| # include <unistd.h>
| #endif
| #include <sndfile.h>
configure:3749: result: no
configure:3753: checking sndfile.h presence
configure:3763: g++ -E  conftest.cc
conftest.cc:24:21: sndfile.h: No such file or directory
configure:3769: $? = 1
configure: failed program was:
| /* confdefs.h.  */
| 
| #define PACKAGE_NAME ""
| #define PACKAGE_TARNAME ""
| #define PACKAGE_VERSION ""
| #define PACKAGE_STRING ""
| #define PACKAGE_BUGREPORT ""
| #ifdef __cplusplus
| extern "C" void std::exit (int) throw (); using std::exit;
| #endif
| #define AUDACITY_NAME "audacity"
| #define INSTALL_PREFIX "/usr/local"
| #define STDC_HEADERS 1
| #define HAVE_SYS_TYPES_H 1
| #define HAVE_SYS_STAT_H 1
| #define HAVE_STDLIB_H 1
| #define HAVE_STRING_H 1
| #define HAVE_MEMORY_H 1
| #define HAVE_STRINGS_H 1
| #define HAVE_INTTYPES_H 1
| #define HAVE_STDINT_H 1
| #define HAVE_UNISTD_H 1
| /* end confdefs.h.  */
| #include <sndfile.h>
configure:3789: result: no
configure:3824: checking for sndfile.h
configure:3831: result: no
configure:3880: checking for lib-src/libmad/frame.h
configure:3895: result: no
configure:3904: checking for lib-src/libvorbis/include/vorbis/vorbisenc.h
configure:3919: result: no
configure:3928: checking for lib-src/libid3tag/frame.h
configure:3943: result: no
configure:3953: checking for lib-src/libsamplerate/src/samplerate.h
configure:3968: result: no
configure:3977: checking for lib-src/libresample/include/libresample.h
configure:3992: result: yes
configure:4001: checking for lib-src/soundtouch/include/SoundTouch.h
configure:4016: result: yes
configure:4025: checking for lib-src/libflac/include/FLAC/all.h
configure:4040: result: no
configure:4061: checking mad.h usability
configure:4073: g++ -c -g -O2 -I../lib-src/expat -I../lib-src/allegro  conftest.cc >&5
conftest.cc:58:17: mad.h: No such file or directory
configure:4079: $? = 1
configure: failed program was:
| /* confdefs.h.  */
| 
| #define PACKAGE_NAME ""
| #define PACKAGE_TARNAME ""
| #define PACKAGE_VERSION ""
| #define PACKAGE_STRING ""
| #define PACKAGE_BUGREPORT ""
| #ifdef __cplusplus
| extern "C" void std::exit (int) throw (); using std::exit;
| #endif
| #define AUDACITY_NAME "audacity"
| #define INSTALL_PREFIX "/usr/local"
| #define STDC_HEADERS 1
| #define HAVE_SYS_TYPES_H 1
| #define HAVE_SYS_STAT_H 1
| #define HAVE_STDLIB_H 1
| #define HAVE_STRING_H 1
| #define HAVE_MEMORY_H 1
| #define HAVE_STRINGS_H 1
| #define HAVE_INTTYPES_H 1
| #define HAVE_STDINT_H 1
| #define HAVE_UNISTD_H 1
| /* end confdefs.h.  */
| #include <stdio.h>
| #if HAVE_SYS_TYPES_H
| # include <sys/types.h>
| #endif
| #if HAVE_SYS_STAT_H
| # include <sys/stat.h>
| #endif
| #if STDC_HEADERS
| # include <stdlib.h>
| # include <stddef.h>
| #else
| # if HAVE_STDLIB_H
| #  include <stdlib.h>
| # endif
| #endif
| #if HAVE_STRING_H
| # if !STDC_HEADERS && HAVE_MEMORY_H
| #  include <memory.h>
| # endif
| # include <string.h>
| #endif
| #if HAVE_STRINGS_H
| # include <strings.h>
| #endif
| #if HAVE_INTTYPES_H
| # include <inttypes.h>
| #else
| # if HAVE_STDINT_H
| #  include <stdint.h>
| # endif
| #endif
| #if HAVE_UNISTD_H
| # include <unistd.h>
| #endif
| #include <mad.h>
configure:4102: result: no
configure:4106: checking mad.h presence
configure:4116: g++ -E  conftest.cc
conftest.cc:24:17: mad.h: No such file or directory
configure:4122: $? = 1
configure: failed program was:
| /* confdefs.h.  */
| 
| #define PACKAGE_NAME ""
| #define PACKAGE_TARNAME ""
| #define PACKAGE_VERSION ""
| #define PACKAGE_STRING ""
| #define PACKAGE_BUGREPORT ""
| #ifdef __cplusplus
| extern "C" void std::exit (int) throw (); using std::exit;
| #endif
| #define AUDACITY_NAME "audacity"
| #define INSTALL_PREFIX "/usr/local"
| #define STDC_HEADERS 1
| #define HAVE_SYS_TYPES_H 1
| #define HAVE_SYS_STAT_H 1
| #define HAVE_STDLIB_H 1
| #define HAVE_STRING_H 1
| #define HAVE_MEMORY_H 1
| #define HAVE_STRINGS_H 1
| #define HAVE_INTTYPES_H 1
| #define HAVE_STDINT_H 1
| #define HAVE_UNISTD_H 1
| /* end confdefs.h.  */
| #include <mad.h>
configure:4142: result: no
configure:4177: checking for mad.h
configure:4184: result: no
configure:4208: checking vorbis/vorbisenc.h usability
configure:4220: g++ -c -g -O2 -I../lib-src/expat -I../lib-src/allegro  conftest.cc >&5
configure:4226: $? = 0
configure:4230: test -z 
			 || test ! -s conftest.err
configure:4233: $? = 0
configure:4236: test -s conftest.o
configure:4239: $? = 0
configure:4249: result: yes
configure:4253: checking vorbis/vorbisenc.h presence
configure:4263: g++ -E  conftest.cc
configure:4269: $? = 0
configure:4289: result: yes
configure:4324: checking for vorbis/vorbisenc.h
configure:4331: result: yes
configure:4355: checking id3tag.h usability
configure:4367: g++ -c -g -O2 -I../lib-src/expat -I../lib-src/allegro  conftest.cc >&5
conftest.cc:58:20: id3tag.h: No such file or directory
configure:4373: $? = 1
configure: failed program was:
| /* confdefs.h.  */
| 
| #define PACKAGE_NAME ""
| #define PACKAGE_TARNAME ""
| #define PACKAGE_VERSION ""
| #define PACKAGE_STRING ""
| #define PACKAGE_BUGREPORT ""
| #ifdef __cplusplus
| extern "C" void std::exit (int) throw (); using std::exit;
| #endif
| #define AUDACITY_NAME "audacity"
| #define INSTALL_PREFIX "/usr/local"
| #define STDC_HEADERS 1
| #define HAVE_SYS_TYPES_H 1
| #define HAVE_SYS_STAT_H 1
| #define HAVE_STDLIB_H 1
| #define HAVE_STRING_H 1
| #define HAVE_MEMORY_H 1
| #define HAVE_STRINGS_H 1
| #define HAVE_INTTYPES_H 1
| #define HAVE_STDINT_H 1
| #define HAVE_UNISTD_H 1
| /* end confdefs.h.  */
| #include <stdio.h>
| #if HAVE_SYS_TYPES_H
| # include <sys/types.h>
| #endif
| #if HAVE_SYS_STAT_H
| # include <sys/stat.h>
| #endif
| #if STDC_HEADERS
| # include <stdlib.h>
| # include <stddef.h>
| #else
| # if HAVE_STDLIB_H
| #  include <stdlib.h>
| # endif
| #endif
| #if HAVE_STRING_H
| # if !STDC_HEADERS && HAVE_MEMORY_H
| #  include <memory.h>
| # endif
| # include <string.h>
| #endif
| #if HAVE_STRINGS_H
| # include <strings.h>
| #endif
| #if HAVE_INTTYPES_H
| # include <inttypes.h>
| #else
| # if HAVE_STDINT_H
| #  include <stdint.h>
| # endif
| #endif
| #if HAVE_UNISTD_H
| # include <unistd.h>
| #endif
| #include <id3tag.h>
configure:4396: result: no
configure:4400: checking id3tag.h presence
configure:4410: g++ -E  conftest.cc
conftest.cc:24:20: id3tag.h: No such file or directory
configure:4416: $? = 1
configure: failed program was:
| /* confdefs.h.  */
| 
| #define PACKAGE_NAME ""
| #define PACKAGE_TARNAME ""
| #define PACKAGE_VERSION ""
| #define PACKAGE_STRING ""
| #define PACKAGE_BUGREPORT ""
| #ifdef __cplusplus
| extern "C" void std::exit (int) throw (); using std::exit;
| #endif
| #define AUDACITY_NAME "audacity"
| #define INSTALL_PREFIX "/usr/local"
| #define STDC_HEADERS 1
| #define HAVE_SYS_TYPES_H 1
| #define HAVE_SYS_STAT_H 1
| #define HAVE_STDLIB_H 1
| #define HAVE_STRING_H 1
| #define HAVE_MEMORY_H 1
| #define HAVE_STRINGS_H 1
| #define HAVE_INTTYPES_H 1
| #define HAVE_STDINT_H 1
| #define HAVE_UNISTD_H 1
| /* end confdefs.h.  */
| #include <id3tag.h>
configure:4436: result: no
configure:4471: checking for id3tag.h
configure:4478: result: no
configure:4649: checking FLAC/all.h usability
configure:4661: g++ -c -g -O2 -I../lib-src/expat -I../lib-src/allegro  conftest.cc >&5
configure:4667: $? = 0
configure:4671: test -z 
			 || test ! -s conftest.err
configure:4674: $? = 0
configure:4677: test -s conftest.o
configure:4680: $? = 0
configure:4690: result: yes
configure:4694: checking FLAC/all.h presence
configure:4704: g++ -E  conftest.cc
configure:4710: $? = 0
configure:4730: result: yes
configure:4765: checking for FLAC/all.h
configure:4772: result: yes
configure:5701: checking for vorbis_bitrate_addblock in -lvorbisfile
configure:5731: g++ -o conftest.exe -I../lib-src/portmixer/px_common -I../lib-src/soundtouch/ -g -O2 -I../lib-src/expat -I../lib-src/allegro -I../lib-src/libnyquist/nyx -I../lib-src/libsndfile/src -I../lib-src/libresample/include   conftest.cc -lvorbisfile -lvorbis -logg  -lFLAC >&5
configure:5737: $? = 0
configure:5741: test -z 
			 || test ! -s conftest.err
configure:5744: $? = 0
configure:5747: test -s conftest.exe
configure:5750: $? = 0
configure:5763: result: yes
configure:5783: checking vorbis/vorbisfile.h usability
configure:5795: g++ -c -I../lib-src/portmixer/px_common -I../lib-src/soundtouch/ -g -O2 -I../lib-src/expat -I../lib-src/allegro -I../lib-src/libnyquist/nyx -I../lib-src/libsndfile/src -I../lib-src/libresample/include  conftest.cc >&5
configure:5801: $? = 0
configure:5805: test -z 
			 || test ! -s conftest.err
configure:5808: $? = 0
configure:5811: test -s conftest.o
configure:5814: $? = 0
configure:5824: result: yes
configure:5828: checking vorbis/vorbisfile.h presence
configure:5838: g++ -E  conftest.cc
configure:5844: $? = 0
configure:5864: result: yes
configure:5899: checking for vorbis/vorbisfile.h
configure:5906: result: yes
configure:6214: checking for zip
configure:6245: result: no
configure:6253: error: "Could not find zip - needed to create the help file"

## ---------------- ##
## Cache variables. ##
## ---------------- ##

ac_cv_c_compiler_gnu=yes
ac_cv_cxx_compiler_gnu=yes
ac_cv_env_CC_set=
ac_cv_env_CC_value=
ac_cv_env_CFLAGS_set=
ac_cv_env_CFLAGS_value=
ac_cv_env_CPPFLAGS_set=
ac_cv_env_CPPFLAGS_value=
ac_cv_env_CPP_set=
ac_cv_env_CPP_value=
ac_cv_env_CXXCPP_set=
ac_cv_env_CXXCPP_value=
ac_cv_env_CXXFLAGS_set=
ac_cv_env_CXXFLAGS_value=
ac_cv_env_CXX_set=
ac_cv_env_CXX_value=
ac_cv_env_LDFLAGS_set=
ac_cv_env_LDFLAGS_value=
ac_cv_env_PKG_CONFIG_set=
ac_cv_env_PKG_CONFIG_value=
ac_cv_env_build_alias_set=
ac_cv_env_build_alias_value=
ac_cv_env_host_alias_set=
ac_cv_env_host_alias_value=
ac_cv_env_target_alias_set=
ac_cv_env_target_alias_value=
ac_cv_exeext=.exe
ac_cv_file_lib_src_libflac_include_FLAC_all_h=no
ac_cv_file_lib_src_libid3tag_frame_h=no
ac_cv_file_lib_src_libmad_frame_h=no
ac_cv_file_lib_src_libresample_include_libresample_h=yes
ac_cv_file_lib_src_libsamplerate_src_samplerate_h=no
ac_cv_file_lib_src_libvorbis_include_vorbis_vorbisenc_h=no
ac_cv_file_lib_src_soundtouch_include_SoundTouch_h=yes
ac_cv_header_FLAC_all_h=yes
ac_cv_header_id3tag_h=no
ac_cv_header_inttypes_h=yes
ac_cv_header_mad_h=no
ac_cv_header_memory_h=yes
ac_cv_header_sndfile_h=no
ac_cv_header_stdc=yes
ac_cv_header_stdint_h=yes
ac_cv_header_stdlib_h=yes
ac_cv_header_string_h=yes
ac_cv_header_strings_h=yes
ac_cv_header_sys_stat_h=yes
ac_cv_header_sys_types_h=yes
ac_cv_header_unistd_h=yes
ac_cv_header_vorbis_vorbisenc_h=yes
ac_cv_header_vorbis_vorbisfile_h=yes
ac_cv_lib_vorbisfile_vorbis_bitrate_addblock=yes
ac_cv_objext=o
ac_cv_path_ZIP=no
ac_cv_path_ac_pt_PKG_CONFIG=/usr/bin/pkg-config
ac_cv_path_install='/usr/bin/install -c'
ac_cv_prog_CPP='gcc -E'
ac_cv_prog_CXXCPP='g++ -E'
ac_cv_prog_ac_ct_CC=gcc
ac_cv_prog_ac_ct_CXX=g++
ac_cv_prog_cc_g=yes
ac_cv_prog_cc_stdc=
ac_cv_prog_cxx_g=yes
ac_cv_prog_egrep='grep -E'
ac_cv_prog_gcc_traditional=no

## ----------------- ##
## Output variables. ##
## ----------------- ##

AFTERBUILD=''
AUDACITY_NAME='audacity'
BUILDLIBS=' expat/expat.a allegro/allegro.a soundtouch/source/SoundTouch/.libs/libSoundTouch.a libnyquist/libnyquist.a libsndfile/src/.libs/libsndfile.a libresample/libresample.a'
CC='gcc'
CDEPEND=''
CFLAGS='-g -O2'
CONFIGHEADER=''
CPP='gcc -E'
CPPFLAGS=''
CXX='g++'
CXXCPP='g++ -E'
CXXFLAGS='-I../lib-src/portmixer/px_common -I../lib-src/soundtouch/ -g -O2 -I../lib-src/expat -I../lib-src/allegro -I../lib-src/libnyquist/nyx -I../lib-src/libsndfile/src -I../lib-src/libresample/include'
DEFS=''
ECHO_C=''
ECHO_N='-n'
ECHO_T=''
EGREP='grep -E'
EXEEXT='.exe'
EXTRAOBJS=' ../lib-src/expat/expat.a ../lib-src/allegro/allegro.a ../lib-src/soundtouch/source/SoundTouch/.libs/libSoundTouch.a ../lib-src/libnyquist/libnyquist.a ../lib-src/libsndfile/src/.libs/libsndfile.a ../lib-src/libresample/libresample.a'
EXTRATARGETS=''
INSTALL_DATA='${INSTALL} -m 644'
INSTALL_PREFIX=''
INSTALL_PROGRAM='${INSTALL}'
INSTALL_SCRIPT='${INSTALL}'
LDFLAGS=''
LIBOBJS=''
LIBS=' -lFLAC -lvorbisenc -lvorbisfile -lvorbis -logg'
LTLIBOBJS=''
OBJEXT='o'
OPTOBJS=' $(OBJDIR)/effects/nyquist/Nyquist.o $(OBJDIR)/effects/nyquist/LoadNyquist.o'
PACKAGE_BUGREPORT=''
PACKAGE_NAME=''
PACKAGE_STRING=''
PACKAGE_TARNAME=''
PACKAGE_VERSION=''
PATH_SEPARATOR=':'
PKG_CONFIG='/usr/bin/pkg-config'
PRECOMP_CFLAGS=''
SHELL='/bin/sh'
SOUNDTOUCH_CXXFLAGS=''
SOUNDTOUCH_LIBS=''
WX_CONFIG=''
ZIP='no'
ac_ct_CC='gcc'
ac_ct_CXX='g++'
ac_pt_PKG_CONFIG='/usr/bin/pkg-config'
bindir='${exec_prefix}/bin'
build=''
build_alias=''
build_cpu=''
build_os=''
build_vendor=''
datadir='${prefix}/share'
exec_prefix='NONE'
host=''
host_alias=''
host_cpu=''
host_os=''
host_vendor=''
includedir='${prefix}/include'
infodir='${prefix}/info'
libdir='${exec_prefix}/lib'
libexecdir='${exec_prefix}/libexec'
localstatedir='${prefix}/var'
mandir='${prefix}/man'
oldincludedir='/usr/include'
prefix='NONE'
program_transform_name='s,x,x,'
sbindir='${exec_prefix}/sbin'
sharedstatedir='${prefix}/com'
subdirs=' lib-src/soundtouch lib-src/libsndfile lib-src/libresample'
sysconfdir='${prefix}/etc'
target_alias=''

## ----------- ##
## confdefs.h. ##
## ----------- ##

#define AUDACITY_NAME "audacity"
#define HAVE_INTTYPES_H 1
#define HAVE_MEMORY_H 1
#define HAVE_STDINT_H 1
#define HAVE_STDLIB_H 1
#define HAVE_STRINGS_H 1
#define HAVE_STRING_H 1
#define HAVE_SYS_STAT_H 1
#define HAVE_SYS_TYPES_H 1
#define HAVE_UNISTD_H 1
#define INSTALL_PREFIX "/usr/local"
#define PACKAGE_BUGREPORT ""
#define PACKAGE_NAME ""
#define PACKAGE_STRING ""
#define PACKAGE_TARNAME ""
#define PACKAGE_VERSION ""
#define STDC_HEADERS 1
#define USE_LIBRESAMPLE 1
#define USE_LIBVORBIS 1
#define USE_NYQUIST 1
#define USE_PORTMIXER 1
#define USE_SOUNDTOUCH 1
#endif
#ifdef __cplusplus
extern "C" void std::exit (int) throw (); using std::exit;

configure: exit 1
